<?xml version="1.0" encoding="UTF-8"?>
<!-- Generated by org.testng.reporters.JUnitReportReporter -->
<testsuite hostname="DESKTOP-7A99TFS" failures="0" tests="1" name="C" time="0.000" errors="0" timestamp="2024-08-20T21:24:29 IST" skipped="1">
  <testcase classname="C" name="flipkart" time="0.000">
    <skipped/>
  </testcase> <!-- flipkart -->
</testsuite> <!-- C -->
