<?xml version="1.0" encoding="UTF-8"?>
<!-- Generated by org.testng.reporters.JUnitReportReporter -->
<testsuite hostname="DESKTOP-7A99TFS" failures="0" tests="3" name="DataPro" time="0.033" errors="0" timestamp="2024-08-16T10:17:02 IST" skipped="0">
  <testcase classname="DataPro" name="printData" time="0.018"/>
  <testcase classname="DataPro" name="printData" time="0.003"/>
  <testcase classname="DataPro" name="printData" time="0.012"/>
</testsuite> <!-- DataPro -->
