<?xml version="1.0" encoding="UTF-8"?>
<!-- Generated by org.testng.reporters.JUnitReportReporter -->
<testsuite hostname="DESKTOP-7A99TFS" failures="0" tests="1" name="LoginUsingDataPro" time="0.112" errors="0" timestamp="2024-08-27T18:32:20 IST" skipped="0">
  <testcase classname="LoginUsingDataPro" name="method1" time="0.112"/>
</testsuite> <!-- LoginUsingDataPro -->
